{"contracts/Ownable.sol":{"l":{"17":0,"18":0,"22":0,"23":0,"24":0,"28":0,"32":0,"36":0,"37":0,"41":0,"45":0,"49":0,"53":0,"57":0,"58":0,"62":0,"63":0,"64":0},"path":"/home/chris/Hedera/StableCoin/contracts/Ownable.sol","s":{"1":0,"2":0,"3":0,"4":0,"5":0,"6":0,"7":0,"8":0,"9":0,"10":0,"11":0,"12":0,"13":0,"14":0,"15":0,"16":0},"b":{"1":[0,0],"2":[0,0],"3":[0,0]},"f":{"1":0,"2":0,"3":0,"4":0,"5":0,"6":0,"7":0,"8":0,"9":0},"fnMap":{"1":{"name":"__Ownable_init","line":16,"loc":{"start":{"line":16,"column":4},"end":{"line":19,"column":4}}},"2":{"name":"__Ownable_init_unchained","line":21,"loc":{"start":{"line":21,"column":4},"end":{"line":25,"column":4}}},"3":{"name":"owner","line":27,"loc":{"start":{"line":27,"column":4},"end":{"line":29,"column":4}}},"4":{"name":"proposedOwner","line":31,"loc":{"start":{"line":31,"column":4},"end":{"line":33,"column":4}}},"5":{"name":"onlyOwner","line":35,"loc":{"start":{"line":35,"column":4},"end":{"line":38,"column":4}}},"6":{"name":"onlyProposedOwner","line":40,"loc":{"start":{"line":40,"column":4},"end":{"line":46,"column":4}}},"7":{"name":"disregardProposedOwner","line":48,"loc":{"start":{"line":48,"column":4},"end":{"line":50,"column":4}}},"8":{"name":"proposeOwner","line":52,"loc":{"start":{"line":52,"column":4},"end":{"line":59,"column":4}}},"9":{"name":"claimOwnership","line":61,"loc":{"start":{"line":61,"column":4},"end":{"line":65,"column":4}}}},"statementMap":{"1":{"start":{"line":17,"column":8},"end":{"line":17,"column":33}},"2":{"start":{"line":18,"column":8},"end":{"line":18,"column":33}},"3":{"start":{"line":22,"column":8},"end":{"line":22,"column":40}},"4":{"start":{"line":23,"column":8},"end":{"line":23,"column":25}},"5":{"start":{"line":24,"column":8},"end":{"line":24,"column":38}},"6":{"start":{"line":28,"column":8},"end":{"line":28,"column":21}},"7":{"start":{"line":32,"column":8},"end":{"line":32,"column":29}},"8":{"start":{"line":36,"column":8},"end":{"line":36,"column":80}},"9":{"start":{"line":41,"column":8},"end":{"line":41,"column":1233}},"10":{"start":{"line":49,"column":8},"end":{"line":49,"column":34}},"11":{"start":{"line":53,"column":8},"end":{"line":53,"column":1550}},"12":{"start":{"line":57,"column":8},"end":{"line":57,"column":32}},"13":{"start":{"line":58,"column":8},"end":{"line":58,"column":41}},"14":{"start":{"line":62,"column":8},"end":{"line":62,"column":30}},"15":{"start":{"line":63,"column":8},"end":{"line":63,"column":34}},"16":{"start":{"line":64,"column":8},"end":{"line":64,"column":35}}},"branchMap":{"1":{"line":36,"type":"if","locations":[{"start":{"line":36,"column":8},"end":{"line":36,"column":8}},{"start":{"line":36,"column":8},"end":{"line":36,"column":8}}]},"2":{"line":41,"type":"if","locations":[{"start":{"line":41,"column":8},"end":{"line":41,"column":8}},{"start":{"line":41,"column":8},"end":{"line":41,"column":8}}]},"3":{"line":53,"type":"if","locations":[{"start":{"line":53,"column":8},"end":{"line":53,"column":8}},{"start":{"line":53,"column":8},"end":{"line":53,"column":8}}]}}},"contracts/StableCoin.sol":{"l":{"60":0,"61":0,"62":0,"64":0,"65":0,"68":0,"71":0,"74":0,"75":0,"76":0,"79":0,"80":0,"81":0,"84":0,"87":0,"106":0,"117":0,"121":0,"125":0,"129":0,"133":0,"134":0,"135":0,"136":0,"137":0,"141":0,"145":0,"149":0,"156":0,"160":0,"161":0,"162":0,"163":0,"164":0,"168":0,"180":0,"184":0,"188":0,"192":0,"196":0,"201":0,"202":0,"207":0,"211":0,"212":0,"213":0,"217":0,"221":0,"225":0,"230":0,"234":0,"235":0,"236":0,"241":0,"242":0,"247":0,"252":0,"253":0,"258":0,"259":0,"268":0,"269":0,"270":0,"271":0,"272":0,"273":0,"278":0,"282":0,"283":0,"284":0,"289":0,"290":0,"295":0,"296":0,"306":0,"308":0,"309":0,"310":0,"314":0,"316":0,"317":0,"318":0,"322":0,"323":0,"324":0,"325":0,"326":0,"332":0,"333":0,"342":0,"343":0,"344":0,"352":0,"353":0,"361":0,"362":0,"363":0,"364":0,"379":0,"380":0,"381":0,"382":0,"383":0,"392":0,"393":0,"394":0,"403":0,"404":0,"415":0,"416":0,"421":0,"422":0,"433":0,"434":0,"438":0,"439":0,"440":0},"path":"/home/chris/Hedera/StableCoin/contracts/StableCoin.sol","s":{"1":0,"2":0,"3":0,"4":0,"5":0,"6":0,"7":0,"8":0,"9":0,"10":0,"11":0,"12":0,"13":0,"14":0,"15":0,"16":0,"17":0,"18":0,"19":0,"20":0,"21":0,"22":0,"23":0,"24":0,"25":0,"26":0,"27":0,"28":0,"29":0,"30":0,"31":0,"32":0,"33":0,"34":0,"35":0,"36":0,"37":0,"38":0,"39":0,"40":0,"41":0,"42":0,"43":0,"44":0,"45":0,"46":0,"47":0,"48":0,"49":0,"50":0,"51":0,"52":0,"53":0,"54":0,"55":0,"56":0,"57":0,"58":0,"59":0,"60":0,"61":0,"62":0,"63":0,"64":0,"65":0,"66":0,"67":0,"68":0,"69":0,"70":0,"71":0,"72":0,"73":0,"74":0,"75":0,"76":0,"77":0,"78":0,"79":0,"80":0,"81":0,"82":0,"83":0,"84":0,"85":0,"86":0,"87":0,"88":0,"89":0,"90":0,"91":0,"92":0,"93":0,"94":0,"95":0,"96":0,"97":0,"98":0,"99":0,"100":0,"101":0,"102":0,"103":0,"104":0,"105":0,"106":0,"107":0,"108":0,"109":0,"110":0,"111":0,"112":0,"113":0},"b":{"1":[0,0],"2":[0,0],"3":[0,0],"4":[0,0],"5":[0,0],"6":[0,0],"7":[0,0],"8":[0,0],"9":[0,0],"10":[0,0],"11":[0,0],"12":[0,0],"13":[0,0],"14":[0,0],"15":[0,0],"16":[0,0],"17":[0,0],"18":[0,0],"19":[0,0],"20":[0,0],"21":[0,0],"22":[0,0],"23":[0,0],"24":[0,0],"25":[0,0],"26":[0,0],"27":[0,0]},"f":{"1":0,"2":0,"3":0,"4":0,"5":0,"6":0,"7":0,"8":0,"9":0,"10":0,"11":0,"12":0,"13":0,"14":0,"15":0,"16":0,"17":0,"18":0,"19":0,"20":0,"21":0,"22":0,"23":0,"24":0,"25":0,"26":0,"27":0,"28":0,"29":0,"30":0,"31":0,"32":0,"33":0,"34":0},"fnMap":{"1":{"name":"init","line":59,"loc":{"start":{"line":52,"column":4},"end":{"line":95,"column":4}}},"2":{"name":"constructor","line":98,"loc":{"start":{"line":98,"column":4},"end":{"line":114,"column":4}}},"3":{"name":"supplyManager","line":116,"loc":{"start":{"line":116,"column":4},"end":{"line":118,"column":4}}},"4":{"name":"onlySupplyManager","line":120,"loc":{"start":{"line":120,"column":4},"end":{"line":126,"column":4}}},"5":{"name":"changeSupplyManager","line":128,"loc":{"start":{"line":128,"column":4},"end":{"line":138,"column":4}}},"6":{"name":"assetProtectionManager","line":140,"loc":{"start":{"line":140,"column":4},"end":{"line":142,"column":4}}},"7":{"name":"onlyAssetProtectionManager","line":144,"loc":{"start":{"line":144,"column":4},"end":{"line":150,"column":4}}},"8":{"name":"changeAssetProtectionManager","line":154,"loc":{"start":{"line":152,"column":4},"end":{"line":165,"column":4}}},"9":{"name":"isPrivilegedRole","line":167,"loc":{"start":{"line":167,"column":4},"end":{"line":172,"column":4}}},"10":{"name":"renounceRole","line":178,"loc":{"start":{"line":174,"column":4},"end":{"line":185,"column":4}}},"11":{"name":"requiresKYC","line":187,"loc":{"start":{"line":187,"column":4},"end":{"line":193,"column":4}}},"12":{"name":"isKycPassed","line":195,"loc":{"start":{"line":195,"column":4},"end":{"line":197,"column":4}}},"13":{"name":"setKycPassed","line":200,"loc":{"start":{"line":200,"column":4},"end":{"line":203,"column":4}}},"14":{"name":"unsetKycPassed","line":206,"loc":{"start":{"line":206,"column":4},"end":{"line":214,"column":4}}},"15":{"name":"requiresNotFrozen","line":216,"loc":{"start":{"line":216,"column":4},"end":{"line":222,"column":4}}},"16":{"name":"isFrozen","line":224,"loc":{"start":{"line":224,"column":4},"end":{"line":226,"column":4}}},"17":{"name":"freeze","line":229,"loc":{"start":{"line":229,"column":4},"end":{"line":237,"column":4}}},"18":{"name":"unfreeze","line":240,"loc":{"start":{"line":240,"column":4},"end":{"line":243,"column":4}}},"19":{"name":"checkTransferAllowed","line":246,"loc":{"start":{"line":246,"column":4},"end":{"line":248,"column":4}}},"20":{"name":"pause","line":251,"loc":{"start":{"line":251,"column":4},"end":{"line":254,"column":4}}},"21":{"name":"unpause","line":257,"loc":{"start":{"line":257,"column":4},"end":{"line":260,"column":4}}},"22":{"name":"claimOwnership","line":266,"loc":{"start":{"line":263,"column":4},"end":{"line":274,"column":4}}},"23":{"name":"wipe","line":277,"loc":{"start":{"line":277,"column":4},"end":{"line":285,"column":4}}},"24":{"name":"mint","line":288,"loc":{"start":{"line":288,"column":4},"end":{"line":291,"column":4}}},"25":{"name":"burn","line":294,"loc":{"start":{"line":294,"column":4},"end":{"line":297,"column":4}}},"26":{"name":"_beforeTokenTransfer","line":304,"loc":{"start":{"line":300,"column":4},"end":{"line":334,"column":4}}},"27":{"name":"transfer","line":337,"loc":{"start":{"line":337,"column":4},"end":{"line":345,"column":4}}},"28":{"name":"_transfer","line":351,"loc":{"start":{"line":347,"column":4},"end":{"line":354,"column":4}}},"29":{"name":"_beforeTokenAllowance","line":357,"loc":{"start":{"line":357,"column":4},"end":{"line":365,"column":4}}},"30":{"name":"transferFrom","line":376,"loc":{"start":{"line":368,"column":4},"end":{"line":384,"column":4}}},"31":{"name":"approveAllowance","line":390,"loc":{"start":{"line":387,"column":4},"end":{"line":395,"column":4}}},"32":{"name":"approve","line":398,"loc":{"start":{"line":398,"column":4},"end":{"line":405,"column":4}}},"33":{"name":"increaseAllowance","line":412,"loc":{"start":{"line":408,"column":4},"end":{"line":423,"column":4}}},"34":{"name":"decreaseAllowance","line":430,"loc":{"start":{"line":426,"column":4},"end":{"line":441,"column":4}}}},"statementMap":{"1":{"start":{"line":60,"column":8},"end":{"line":60,"column":33}},"2":{"start":{"line":61,"column":8},"end":{"line":61,"column":33}},"3":{"start":{"line":62,"column":8},"end":{"line":62,"column":39}},"4":{"start":{"line":64,"column":8},"end":{"line":64,"column":37}},"5":{"start":{"line":65,"column":8},"end":{"line":65,"column":55}},"6":{"start":{"line":68,"column":8},"end":{"line":68,"column":51}},"7":{"start":{"line":71,"column":8},"end":{"line":71,"column":60}},"8":{"start":{"line":74,"column":8},"end":{"line":74,"column":42}},"9":{"start":{"line":75,"column":8},"end":{"line":75,"column":43}},"10":{"start":{"line":76,"column":8},"end":{"line":76,"column":52}},"11":{"start":{"line":79,"column":8},"end":{"line":79,"column":53}},"12":{"start":{"line":80,"column":8},"end":{"line":80,"column":34}},"13":{"start":{"line":81,"column":8},"end":{"line":81,"column":35}},"14":{"start":{"line":84,"column":8},"end":{"line":84,"column":24}},"15":{"start":{"line":87,"column":8},"end":{"line":87,"column":3094}},"16":{"start":{"line":106,"column":8},"end":{"line":106,"column":3550}},"17":{"start":{"line":117,"column":8},"end":{"line":117,"column":29}},"18":{"start":{"line":121,"column":8},"end":{"line":121,"column":3877}},"19":{"start":{"line":129,"column":8},"end":{"line":129,"column":4135}},"20":{"start":{"line":133,"column":8},"end":{"line":133,"column":45}},"21":{"start":{"line":134,"column":8},"end":{"line":134,"column":40}},"22":{"start":{"line":135,"column":8},"end":{"line":135,"column":44}},"23":{"start":{"line":136,"column":8},"end":{"line":136,"column":41}},"24":{"start":{"line":137,"column":8},"end":{"line":137,"column":50}},"25":{"start":{"line":141,"column":8},"end":{"line":141,"column":38}},"26":{"start":{"line":145,"column":8},"end":{"line":145,"column":4660}},"27":{"start":{"line":156,"column":8},"end":{"line":156,"column":4974}},"28":{"start":{"line":160,"column":8},"end":{"line":160,"column":54}},"29":{"start":{"line":161,"column":8},"end":{"line":161,"column":58}},"30":{"start":{"line":162,"column":8},"end":{"line":162,"column":53}},"31":{"start":{"line":163,"column":8},"end":{"line":163,"column":50}},"32":{"start":{"line":164,"column":8},"end":{"line":164,"column":68}},"33":{"start":{"line":168,"column":8},"end":{"line":168,"column":5518}},"34":{"start":{"line":180,"column":8},"end":{"line":180,"column":5810}},"35":{"start":{"line":184,"column":8},"end":{"line":184,"column":40}},"36":{"start":{"line":188,"column":8},"end":{"line":188,"column":6044}},"37":{"start":{"line":196,"column":8},"end":{"line":196,"column":43}},"38":{"start":{"line":201,"column":8},"end":{"line":201,"column":37}},"39":{"start":{"line":202,"column":8},"end":{"line":202,"column":34}},"40":{"start":{"line":207,"column":8},"end":{"line":207,"column":6637}},"41":{"start":{"line":211,"column":8},"end":{"line":211,"column":74}},"42":{"start":{"line":212,"column":8},"end":{"line":212,"column":38}},"43":{"start":{"line":213,"column":8},"end":{"line":213,"column":36}},"44":{"start":{"line":217,"column":8},"end":{"line":217,"column":6961}},"45":{"start":{"line":225,"column":8},"end":{"line":225,"column":39}},"46":{"start":{"line":230,"column":8},"end":{"line":230,"column":7371}},"47":{"start":{"line":234,"column":8},"end":{"line":234,"column":67}},"48":{"start":{"line":235,"column":8},"end":{"line":235,"column":33}},"49":{"start":{"line":236,"column":8},"end":{"line":236,"column":28}},"50":{"start":{"line":241,"column":8},"end":{"line":241,"column":34}},"51":{"start":{"line":242,"column":8},"end":{"line":242,"column":30}},"52":{"start":{"line":247,"column":8},"end":{"line":247,"column":57}},"53":{"start":{"line":252,"column":8},"end":{"line":252,"column":15}},"54":{"start":{"line":253,"column":8},"end":{"line":253,"column":32}},"55":{"start":{"line":258,"column":8},"end":{"line":258,"column":17}},"56":{"start":{"line":259,"column":8},"end":{"line":259,"column":34}},"57":{"start":{"line":268,"column":8},"end":{"line":268,"column":35}},"58":{"start":{"line":269,"column":8},"end":{"line":269,"column":29}},"59":{"start":{"line":270,"column":8},"end":{"line":270,"column":51}},"60":{"start":{"line":271,"column":8},"end":{"line":271,"column":42}},"61":{"start":{"line":272,"column":8},"end":{"line":272,"column":39}},"62":{"start":{"line":273,"column":8},"end":{"line":273,"column":40}},"63":{"start":{"line":278,"column":8},"end":{"line":278,"column":8801}},"64":{"start":{"line":282,"column":8},"end":{"line":282,"column":44}},"65":{"start":{"line":283,"column":8},"end":{"line":283,"column":30}},"66":{"start":{"line":284,"column":8},"end":{"line":284,"column":35}},"67":{"start":{"line":289,"column":8},"end":{"line":289,"column":37}},"68":{"start":{"line":290,"column":8},"end":{"line":290,"column":39}},"69":{"start":{"line":295,"column":8},"end":{"line":295,"column":36}},"70":{"start":{"line":296,"column":8},"end":{"line":296,"column":39}},"71":{"start":{"line":306,"column":8},"end":{"line":306,"column":9699}},"72":{"start":{"line":308,"column":12},"end":{"line":308,"column":66}},"73":{"start":{"line":309,"column":12},"end":{"line":309,"column":55}},"74":{"start":{"line":310,"column":12},"end":{"line":310,"column":18}},"75":{"start":{"line":314,"column":8},"end":{"line":314,"column":10015}},"76":{"start":{"line":316,"column":12},"end":{"line":316,"column":66}},"77":{"start":{"line":317,"column":12},"end":{"line":317,"column":55}},"78":{"start":{"line":318,"column":12},"end":{"line":318,"column":18}},"79":{"start":{"line":322,"column":8},"end":{"line":322,"column":69}},"80":{"start":{"line":323,"column":8},"end":{"line":323,"column":69}},"81":{"start":{"line":324,"column":8},"end":{"line":324,"column":60}},"82":{"start":{"line":325,"column":8},"end":{"line":325,"column":60}},"83":{"start":{"line":326,"column":8},"end":{"line":326,"column":10580}},"84":{"start":{"line":332,"column":8},"end":{"line":332,"column":62}},"85":{"start":{"line":333,"column":8},"end":{"line":333,"column":51}},"86":{"start":{"line":342,"column":8},"end":{"line":342,"column":42}},"87":{"start":{"line":343,"column":8},"end":{"line":343,"column":47}},"88":{"start":{"line":344,"column":8},"end":{"line":344,"column":19}},"89":{"start":{"line":352,"column":8},"end":{"line":352,"column":49}},"90":{"start":{"line":353,"column":8},"end":{"line":353,"column":48}},"91":{"start":{"line":361,"column":8},"end":{"line":361,"column":73}},"92":{"start":{"line":362,"column":8},"end":{"line":362,"column":71}},"93":{"start":{"line":363,"column":8},"end":{"line":363,"column":64}},"94":{"start":{"line":364,"column":8},"end":{"line":364,"column":62}},"95":{"start":{"line":379,"column":8},"end":{"line":379,"column":38}},"96":{"start":{"line":380,"column":8},"end":{"line":380,"column":58}},"97":{"start":{"line":381,"column":8},"end":{"line":381,"column":12504}},"98":{"start":{"line":382,"column":12},"end":{"line":382,"column":65}},"99":{"start":{"line":383,"column":8},"end":{"line":383,"column":21}},"100":{"start":{"line":392,"column":8},"end":{"line":392,"column":51}},"101":{"start":{"line":393,"column":8},"end":{"line":393,"column":52}},"102":{"start":{"line":394,"column":8},"end":{"line":394,"column":51}},"103":{"start":{"line":403,"column":8},"end":{"line":403,"column":40}},"104":{"start":{"line":404,"column":8},"end":{"line":404,"column":19}},"105":{"start":{"line":415,"column":8},"end":{"line":415,"column":51}},"106":{"start":{"line":416,"column":8},"end":{"line":416,"column":13402}},"107":{"start":{"line":421,"column":8},"end":{"line":421,"column":61}},"108":{"start":{"line":422,"column":8},"end":{"line":422,"column":19}},"109":{"start":{"line":433,"column":8},"end":{"line":433,"column":51}},"110":{"start":{"line":434,"column":8},"end":{"line":434,"column":13914}},"111":{"start":{"line":438,"column":8},"end":{"line":438,"column":52}},"112":{"start":{"line":439,"column":8},"end":{"line":439,"column":67}},"113":{"start":{"line":440,"column":8},"end":{"line":440,"column":19}}},"branchMap":{"1":{"line":121,"type":"if","locations":[{"start":{"line":121,"column":8},"end":{"line":121,"column":8}},{"start":{"line":121,"column":8},"end":{"line":121,"column":8}}]},"2":{"line":129,"type":"if","locations":[{"start":{"line":129,"column":8},"end":{"line":129,"column":8}},{"start":{"line":129,"column":8},"end":{"line":129,"column":8}}]},"3":{"line":145,"type":"if","locations":[{"start":{"line":145,"column":8},"end":{"line":145,"column":8}},{"start":{"line":145,"column":8},"end":{"line":145,"column":8}}]},"4":{"line":156,"type":"if","locations":[{"start":{"line":156,"column":8},"end":{"line":156,"column":8}},{"start":{"line":156,"column":8},"end":{"line":156,"column":8}}]},"5":{"line":180,"type":"if","locations":[{"start":{"line":180,"column":8},"end":{"line":180,"column":8}},{"start":{"line":180,"column":8},"end":{"line":180,"column":8}}]},"6":{"line":188,"type":"if","locations":[{"start":{"line":188,"column":8},"end":{"line":188,"column":8}},{"start":{"line":188,"column":8},"end":{"line":188,"column":8}}]},"7":{"line":207,"type":"if","locations":[{"start":{"line":207,"column":8},"end":{"line":207,"column":8}},{"start":{"line":207,"column":8},"end":{"line":207,"column":8}}]},"8":{"line":211,"type":"if","locations":[{"start":{"line":211,"column":8},"end":{"line":211,"column":8}},{"start":{"line":211,"column":8},"end":{"line":211,"column":8}}]},"9":{"line":217,"type":"if","locations":[{"start":{"line":217,"column":8},"end":{"line":217,"column":8}},{"start":{"line":217,"column":8},"end":{"line":217,"column":8}}]},"10":{"line":230,"type":"if","locations":[{"start":{"line":230,"column":8},"end":{"line":230,"column":8}},{"start":{"line":230,"column":8},"end":{"line":230,"column":8}}]},"11":{"line":234,"type":"if","locations":[{"start":{"line":234,"column":8},"end":{"line":234,"column":8}},{"start":{"line":234,"column":8},"end":{"line":234,"column":8}}]},"12":{"line":278,"type":"if","locations":[{"start":{"line":278,"column":8},"end":{"line":278,"column":8}},{"start":{"line":278,"column":8},"end":{"line":278,"column":8}}]},"13":{"line":306,"type":"if","locations":[{"start":{"line":306,"column":8},"end":{"line":306,"column":8}},{"start":{"line":306,"column":8},"end":{"line":306,"column":8}}]},"14":{"line":308,"type":"if","locations":[{"start":{"line":308,"column":12},"end":{"line":308,"column":12}},{"start":{"line":308,"column":12},"end":{"line":308,"column":12}}]},"15":{"line":314,"type":"if","locations":[{"start":{"line":314,"column":8},"end":{"line":314,"column":8}},{"start":{"line":314,"column":8},"end":{"line":314,"column":8}}]},"16":{"line":316,"type":"if","locations":[{"start":{"line":316,"column":12},"end":{"line":316,"column":12}},{"start":{"line":316,"column":12},"end":{"line":316,"column":12}}]},"17":{"line":322,"type":"if","locations":[{"start":{"line":322,"column":8},"end":{"line":322,"column":8}},{"start":{"line":322,"column":8},"end":{"line":322,"column":8}}]},"18":{"line":323,"type":"if","locations":[{"start":{"line":323,"column":8},"end":{"line":323,"column":8}},{"start":{"line":323,"column":8},"end":{"line":323,"column":8}}]},"19":{"line":324,"type":"if","locations":[{"start":{"line":324,"column":8},"end":{"line":324,"column":8}},{"start":{"line":324,"column":8},"end":{"line":324,"column":8}}]},"20":{"line":325,"type":"if","locations":[{"start":{"line":325,"column":8},"end":{"line":325,"column":8}},{"start":{"line":325,"column":8},"end":{"line":325,"column":8}}]},"21":{"line":326,"type":"if","locations":[{"start":{"line":326,"column":8},"end":{"line":326,"column":8}},{"start":{"line":326,"column":8},"end":{"line":326,"column":8}}]},"22":{"line":332,"type":"if","locations":[{"start":{"line":332,"column":8},"end":{"line":332,"column":8}},{"start":{"line":332,"column":8},"end":{"line":332,"column":8}}]},"23":{"line":361,"type":"if","locations":[{"start":{"line":361,"column":8},"end":{"line":361,"column":8}},{"start":{"line":361,"column":8},"end":{"line":361,"column":8}}]},"24":{"line":362,"type":"if","locations":[{"start":{"line":362,"column":8},"end":{"line":362,"column":8}},{"start":{"line":362,"column":8},"end":{"line":362,"column":8}}]},"25":{"line":363,"type":"if","locations":[{"start":{"line":363,"column":8},"end":{"line":363,"column":8}},{"start":{"line":363,"column":8},"end":{"line":363,"column":8}}]},"26":{"line":364,"type":"if","locations":[{"start":{"line":364,"column":8},"end":{"line":364,"column":8}},{"start":{"line":364,"column":8},"end":{"line":364,"column":8}}]},"27":{"line":381,"type":"if","locations":[{"start":{"line":381,"column":8},"end":{"line":381,"column":8}},{"start":{"line":381,"column":8},"end":{"line":381,"column":8}}]}}}}