TN:
SF:/home/chris/Hedera/StableCoin/contracts/Ownable.sol
FN:16,__Ownable_init
FN:21,__Ownable_init_unchained
FN:27,owner
FN:31,proposedOwner
FN:35,onlyOwner
FN:40,onlyProposedOwner
FN:48,disregardProposedOwner
FN:52,proposeOwner
FN:61,claimOwnership
FNF:9
FNH:0
FNDA:0,__Ownable_init
FNDA:0,__Ownable_init_unchained
FNDA:0,owner
FNDA:0,proposedOwner
FNDA:0,onlyOwner
FNDA:0,onlyProposedOwner
FNDA:0,disregardProposedOwner
FNDA:0,proposeOwner
FNDA:0,claimOwnership
DA:17,0
DA:18,0
DA:22,0
DA:23,0
DA:24,0
DA:28,0
DA:32,0
DA:36,0
DA:37,0
DA:41,0
DA:45,0
DA:49,0
DA:53,0
DA:57,0
DA:58,0
DA:62,0
DA:63,0
DA:64,0
LF:18
LH:0
BRDA:36,1,0,0
BRDA:36,1,1,0
BRDA:41,2,0,0
BRDA:41,2,1,0
BRDA:53,3,0,0
BRDA:53,3,1,0
BRF:6
BRH:0
end_of_record
TN:
SF:/home/chris/Hedera/StableCoin/contracts/StableCoin.sol
FN:59,init
FN:98,constructor
FN:116,supplyManager
FN:120,onlySupplyManager
FN:128,changeSupplyManager
FN:140,assetProtectionManager
FN:144,onlyAssetProtectionManager
FN:154,changeAssetProtectionManager
FN:167,isPrivilegedRole
FN:178,renounceRole
FN:187,requiresKYC
FN:195,isKycPassed
FN:200,setKycPassed
FN:206,unsetKycPassed
FN:216,requiresNotFrozen
FN:224,isFrozen
FN:229,freeze
FN:240,unfreeze
FN:246,checkTransferAllowed
FN:251,pause
FN:257,unpause
FN:266,claimOwnership
FN:277,wipe
FN:288,mint
FN:294,burn
FN:304,_beforeTokenTransfer
FN:337,transfer
FN:351,_transfer
FN:357,_beforeTokenAllowance
FN:376,transferFrom
FN:390,approveAllowance
FN:398,approve
FN:412,increaseAllowance
FN:430,decreaseAllowance
FNF:34
FNH:0
FNDA:0,init
FNDA:0,constructor
FNDA:0,supplyManager
FNDA:0,onlySupplyManager
FNDA:0,changeSupplyManager
FNDA:0,assetProtectionManager
FNDA:0,onlyAssetProtectionManager
FNDA:0,changeAssetProtectionManager
FNDA:0,isPrivilegedRole
FNDA:0,renounceRole
FNDA:0,requiresKYC
FNDA:0,isKycPassed
FNDA:0,setKycPassed
FNDA:0,unsetKycPassed
FNDA:0,requiresNotFrozen
FNDA:0,isFrozen
FNDA:0,freeze
FNDA:0,unfreeze
FNDA:0,checkTransferAllowed
FNDA:0,pause
FNDA:0,unpause
FNDA:0,claimOwnership
FNDA:0,wipe
FNDA:0,mint
FNDA:0,burn
FNDA:0,_beforeTokenTransfer
FNDA:0,transfer
FNDA:0,_transfer
FNDA:0,_beforeTokenAllowance
FNDA:0,transferFrom
FNDA:0,approveAllowance
FNDA:0,approve
FNDA:0,increaseAllowance
FNDA:0,decreaseAllowance
DA:60,0
DA:61,0
DA:62,0
DA:64,0
DA:65,0
DA:68,0
DA:71,0
DA:74,0
DA:75,0
DA:76,0
DA:79,0
DA:80,0
DA:81,0
DA:84,0
DA:87,0
DA:106,0
DA:117,0
DA:121,0
DA:125,0
DA:129,0
DA:133,0
DA:134,0
DA:135,0
DA:136,0
DA:137,0
DA:141,0
DA:145,0
DA:149,0
DA:156,0
DA:160,0
DA:161,0
DA:162,0
DA:163,0
DA:164,0
DA:168,0
DA:180,0
DA:184,0
DA:188,0
DA:192,0
DA:196,0
DA:201,0
DA:202,0
DA:207,0
DA:211,0
DA:212,0
DA:213,0
DA:217,0
DA:221,0
DA:225,0
DA:230,0
DA:234,0
DA:235,0
DA:236,0
DA:241,0
DA:242,0
DA:247,0
DA:252,0
DA:253,0
DA:258,0
DA:259,0
DA:268,0
DA:269,0
DA:270,0
DA:271,0
DA:272,0
DA:273,0
DA:278,0
DA:282,0
DA:283,0
DA:284,0
DA:289,0
DA:290,0
DA:295,0
DA:296,0
DA:306,0
DA:308,0
DA:309,0
DA:310,0
DA:314,0
DA:316,0
DA:317,0
DA:318,0
DA:322,0
DA:323,0
DA:324,0
DA:325,0
DA:326,0
DA:332,0
DA:333,0
DA:342,0
DA:343,0
DA:344,0
DA:352,0
DA:353,0
DA:361,0
DA:362,0
DA:363,0
DA:364,0
DA:379,0
DA:380,0
DA:381,0
DA:382,0
DA:383,0
DA:392,0
DA:393,0
DA:394,0
DA:403,0
DA:404,0
DA:415,0
DA:416,0
DA:421,0
DA:422,0
DA:433,0
DA:434,0
DA:438,0
DA:439,0
DA:440,0
LF:117
LH:0
BRDA:121,1,0,0
BRDA:121,1,1,0
BRDA:129,2,0,0
BRDA:129,2,1,0
BRDA:145,3,0,0
BRDA:145,3,1,0
BRDA:156,4,0,0
BRDA:156,4,1,0
BRDA:180,5,0,0
BRDA:180,5,1,0
BRDA:188,6,0,0
BRDA:188,6,1,0
BRDA:207,7,0,0
BRDA:207,7,1,0
BRDA:211,8,0,0
BRDA:211,8,1,0
BRDA:217,9,0,0
BRDA:217,9,1,0
BRDA:230,10,0,0
BRDA:230,10,1,0
BRDA:234,11,0,0
BRDA:234,11,1,0
BRDA:278,12,0,0
BRDA:278,12,1,0
BRDA:306,13,0,0
BRDA:306,13,1,0
BRDA:308,14,0,0
BRDA:308,14,1,0
BRDA:314,15,0,0
BRDA:314,15,1,0
BRDA:316,16,0,0
BRDA:316,16,1,0
BRDA:322,17,0,0
BRDA:322,17,1,0
BRDA:323,18,0,0
BRDA:323,18,1,0
BRDA:324,19,0,0
BRDA:324,19,1,0
BRDA:325,20,0,0
BRDA:325,20,1,0
BRDA:326,21,0,0
BRDA:326,21,1,0
BRDA:332,22,0,0
BRDA:332,22,1,0
BRDA:361,23,0,0
BRDA:361,23,1,0
BRDA:362,24,0,0
BRDA:362,24,1,0
BRDA:363,25,0,0
BRDA:363,25,1,0
BRDA:364,26,0,0
BRDA:364,26,1,0
BRDA:381,27,0,0
BRDA:381,27,1,0
BRF:54
BRH:0
end_of_record
